Сборка начата 09.05.2015 21:39:30.
     1>Проект "C:\Users\Raiden\Flappy_bird\Flappy_bird\Flappy_bird.vcxproj" в узле 2 (целевые объекты build).
     1>InitializeBuildStatus:
         Создание "Debug\Flappy_bird.unsuccessfulbuild", так как было задано "AlwaysCreate".
       ClCompile:
         C:\Program Files (x86)\Microsoft Visual Studio 10.0\VC\bin\CL.exe /c /IC:\Users\Raiden\Flappy_bird\SFML\include /ZI /nologo /W3 /WX- /Od /Oy- /D SFML_DYNAMIC /Gm /EHsc /RTC1 /MDd /GS /fp:precise /Zc:wchar_t /Zc:forScope /Fo"Debug\\" /Fd"Debug\vc100.pdb" /Gd /TP /analyze- /errorReport:prompt main.cpp
         main.cpp
     1>c:\users\raiden\flappy_bird\flappy_bird\main.cpp(33): warning C4244: =: преобразование "double" в "float", возможна потеря данных
     1>c:\users\raiden\flappy_bird\flappy_bird\main.cpp(39): warning C4244: =: преобразование "int" в "float", возможна потеря данных
     1>c:\users\raiden\flappy_bird\flappy_bird\main.cpp(66): warning C4244: инициализация: преобразование "sf::Int64" в "float", возможна потеря данных
     1>c:\users\raiden\flappy_bird\flappy_bird\main.cpp(79): warning C4305: =: усечение из "double" к "float"
     1>c:\users\raiden\flappy_bird\flappy_bird\main.cpp(83): warning C4305: =: усечение из "double" к "float"
       Link:
         C:\Program Files (x86)\Microsoft Visual Studio 10.0\VC\bin\link.exe /ERRORREPORT:PROMPT /OUT:"C:\Users\Raiden\Flappy_bird\Debug\Flappy_bird.exe" /NOLOGO /LIBPATH:C:\Users\Raiden\Flappy_bird\SFML\lib "sfml-graphics-d.lib" "sfml-window-d.lib" "sfml-system-d.lib" "sfml-audio-d.lib" kernel32.lib user32.lib gdi32.lib winspool.lib comdlg32.lib advapi32.lib shell32.lib ole32.lib oleaut32.lib uuid.lib odbc32.lib odbccp32.lib kernel32.lib user32.lib gdi32.lib winspool.lib comdlg32.lib advapi32.lib shell32.lib ole32.lib oleaut32.lib uuid.lib odbc32.lib odbccp32.lib /MANIFEST /ManifestFile:"Debug\Flappy_bird.exe.intermediate.manifest" /MANIFESTUAC:"level='asInvoker' uiAccess='false'" /DEBUG /PDB:"C:\Users\Raiden\Flappy_bird\Debug\Flappy_bird.pdb" /TLBID:1 /DYNAMICBASE /NXCOMPAT /IMPLIB:"C:\Users\Raiden\Flappy_bird\Debug\Flappy_bird.lib" /MACHINE:X86 Debug\main.obj
         LINK : не найден или не выполнена сборка C:\Users\Raiden\Flappy_bird\Debug\Flappy_bird.exe при последней инкрементной компоновке; выполняется полная компоновка
         Flappy_bird.vcxproj -> C:\Users\Raiden\Flappy_bird\Debug\Flappy_bird.exe
       Manifest:
         C:\Program Files (x86)\Microsoft SDKs\Windows\v7.0A\bin\mt.exe /nologo /verbose /outputresource:"C:\Users\Raiden\Flappy_bird\Debug\Flappy_bird.exe;#1" /manifest Debug\Flappy_bird.exe.intermediate.manifest
       FinalizeBuildStatus:
         Файл "Debug\Flappy_bird.unsuccessfulbuild" удаляется.
         Обращение к "Debug\Flappy_bird.lastbuildstate".
     1>Построение проекта "C:\Users\Raiden\Flappy_bird\Flappy_bird\Flappy_bird.vcxproj" завершено (целевые объекты build).

Построение успешно завершено.

Затраченное время: 00:00:05.70
