Построение начато 13.05.2015 20:49:16.
     1>Проект "D:\Данено\Проекты\Flappy_bird\Flappy_bird\Flappy_bird\Flappy_bird.vcxproj" в узле 2 (целевые объекты build).
     1>InitializeBuildStatus:
         Создание "Daniil159x\Flappy_bird.unsuccessfulbuild", так как было задано "AlwaysCreate".
       ClCompile:
         C:\Program Files\Microsoft Visual Studio 10.0\VC\bin\CL.exe /c /I"D:\Данено\Проекты\Flappy_bird\Flappy_bird\SFML\include" /IC:\Users\Raiden\Flappy_bird\SFML\include /ZI /nologo /W3 /WX- /Od /Oy- /D SFML_DYNAMIC /Gm /EHsc /RTC1 /MDd /GS /fp:precise /Zc:wchar_t /Zc:forScope /Fo"Daniil159x\\" /Fd"Daniil159x\vc100.pdb" /Gd /TP /analyze- /errorReport:prompt main.cpp
         main.cpp
     1>d:\данено\проекты\flappy_bird\flappy_bird\flappy_bird\main.cpp(50): warning C4305: =: усечение из "double" к "float"
     1>d:\данено\проекты\flappy_bird\flappy_bird\flappy_bird\main.cpp(59): warning C4305: +=: усечение из "double" к "float"
     1>d:\данено\проекты\flappy_bird\flappy_bird\flappy_bird\main.cpp(81): warning C4244: =: преобразование "double" в "float", возможна потеря данных
     1>d:\данено\проекты\flappy_bird\flappy_bird\flappy_bird\main.cpp(92): warning C4244: =: преобразование "int" в "float", возможна потеря данных
     1>d:\данено\проекты\flappy_bird\flappy_bird\flappy_bird\main.cpp(106): warning C4244: инициализация: преобразование "float" в "int", возможна потеря данных
     1>d:\данено\проекты\flappy_bird\flappy_bird\flappy_bird\main.cpp(107): warning C4244: инициализация: преобразование "float" в "int", возможна потеря данных
     1>d:\данено\проекты\flappy_bird\flappy_bird\flappy_bird\main.cpp(108): warning C4244: инициализация: преобразование "float" в "int", возможна потеря данных
     1>d:\данено\проекты\flappy_bird\flappy_bird\flappy_bird\main.cpp(109): warning C4244: инициализация: преобразование "float" в "int", возможна потеря данных
     1>d:\данено\проекты\flappy_bird\flappy_bird\flappy_bird\main.cpp(110): warning C4244: инициализация: преобразование "float" в "int", возможна потеря данных
     1>d:\данено\проекты\flappy_bird\flappy_bird\flappy_bird\main.cpp(111): warning C4244: инициализация: преобразование "float" в "int", возможна потеря данных
     1>d:\данено\проекты\flappy_bird\flappy_bird\flappy_bird\main.cpp(112): warning C4244: инициализация: преобразование "float" в "int", возможна потеря данных
     1>d:\данено\проекты\flappy_bird\flappy_bird\flappy_bird\main.cpp(113): warning C4244: инициализация: преобразование "float" в "int", возможна потеря данных
     1>d:\данено\проекты\flappy_bird\flappy_bird\flappy_bird\main.cpp(166): warning C4244: инициализация: преобразование "sf::Int64" в "float", возможна потеря данных
     1>d:\данено\проекты\flappy_bird\flappy_bird\flappy_bird\main.cpp(209): warning C4244: аргумент: преобразование "const int" в "float", возможна потеря данных
     1>d:\данено\проекты\flappy_bird\flappy_bird\flappy_bird\main.cpp(227): warning C4244: аргумент: преобразование "const int" в "float", возможна потеря данных
     1>d:\данено\проекты\flappy_bird\flappy_bird\flappy_bird\main.cpp(235): warning C4244: аргумент: преобразование "int" в "float", возможна потеря данных
       Link:
         C:\Program Files\Microsoft Visual Studio 10.0\VC\bin\link.exe /ERRORREPORT:PROMPT /OUT:"D:\Данено\Проекты\Flappy_bird\Flappy_bird\Daniil159x\Flappy_bird.exe" /NOLOGO /LIBPATH:"D:\Данено\Проекты\Flappy_bird\Flappy_bird\SFML\lib" /LIBPATH:C:\Users\Raiden\Flappy_bird\SFML\lib "sfml-graphics-d.lib" "sfml-window-d.lib" "sfml-system-d.lib" "sfml-audio-d.lib" kernel32.lib user32.lib gdi32.lib winspool.lib comdlg32.lib advapi32.lib shell32.lib ole32.lib oleaut32.lib uuid.lib odbc32.lib odbccp32.lib kernel32.lib user32.lib gdi32.lib winspool.lib comdlg32.lib advapi32.lib shell32.lib ole32.lib oleaut32.lib uuid.lib odbc32.lib odbccp32.lib /MANIFEST /ManifestFile:"Daniil159x\Flappy_bird.exe.intermediate.manifest" /MANIFESTUAC:"level='asInvoker' uiAccess='false'" /DEBUG /PDB:"D:\Данено\Проекты\Flappy_bird\Flappy_bird\Daniil159x\Flappy_bird.pdb" /TLBID:1 /DYNAMICBASE /NXCOMPAT /IMPLIB:"D:\Данено\Проекты\Flappy_bird\Flappy_bird\Daniil159x\Flappy_bird.lib" /MACHINE:X86 Daniil159x\main.obj
         LINK : не найден или не выполнена сборка D:\Данено\Проекты\Flappy_bird\Flappy_bird\Daniil159x\Flappy_bird.exe при последней инкрементной компоновке; выполняется полная компоновка
         Flappy_bird.vcxproj -> D:\Данено\Проекты\Flappy_bird\Flappy_bird\Daniil159x\Flappy_bird.exe
       Manifest:
         C:\Program Files\Microsoft SDKs\Windows\v7.0A\bin\mt.exe /nologo /verbose /outputresource:"D:\Данено\Проекты\Flappy_bird\Flappy_bird\Daniil159x\Flappy_bird.exe;#1" /manifest Daniil159x\Flappy_bird.exe.intermediate.manifest
       FinalizeBuildStatus:
         Файл "Daniil159x\Flappy_bird.unsuccessfulbuild" удаляется.
         Обращение к "Daniil159x\Flappy_bird.lastbuildstate".
     1>Построение проекта "D:\Данено\Проекты\Flappy_bird\Flappy_bird\Flappy_bird\Flappy_bird.vcxproj" завершено (целевые объекты build).

Построение успешно завершено.

Затраченное время: 00:00:02.42
